app/build/intermediates/manifest_merge_blame_file/debug/manifest-merger-blame-debug-report.txt
1<?xml version="1.0" encoding="utf-8"?>
2<manifest xmlns:android="http://schemas.android.com/apk/res/android"
3    package="com.nightsound"
4    android:versionCode="1"
5    android:versionName="1.0" >
6
7    <uses-sdk
8        android:minSdkVersion="26"
9        android:targetSdkVersion="34" />
10
11    <!-- Permissions -->
12    <uses-permission android:name="android.permission.RECORD_AUDIO" />
12-->src/main/AndroidManifest.xml:6:5-71
12-->src/main/AndroidManifest.xml:6:22-68
13    <uses-permission android:name="android.permission.WAKE_LOCK" />
13-->src/main/AndroidManifest.xml:7:5-68
13-->src/main/AndroidManifest.xml:7:22-65
14    <uses-permission android:name="android.permission.FOREGROUND_SERVICE" />
14-->src/main/AndroidManifest.xml:8:5-77
14-->src/main/AndroidManifest.xml:8:22-74
15    <uses-permission android:name="android.permission.FOREGROUND_SERVICE_MICROPHONE" />
15-->src/main/AndroidManifest.xml:9:5-88
15-->src/main/AndroidManifest.xml:9:22-85
16    <uses-permission android:name="android.permission.POST_NOTIFICATIONS" />
16-->src/main/AndroidManifest.xml:10:5-77
16-->src/main/AndroidManifest.xml:10:22-74
17
18    <permission
18-->[androidx.core:core:1.12.0] AndroidManifest.xml:22:5-24:47
19        android:name="com.nightsound.DYNAMIC_RECEIVER_NOT_EXPORTED_PERMISSION"
19-->[androidx.core:core:1.12.0] AndroidManifest.xml:23:9-81
20        android:protectionLevel="signature" />
20-->[androidx.core:core:1.12.0] AndroidManifest.xml:24:9-44
21
22    <uses-permission android:name="com.nightsound.DYNAMIC_RECEIVER_NOT_EXPORTED_PERMISSION" />
22-->[androidx.core:core:1.12.0] AndroidManifest.xml:26:5-97
22-->[androidx.core:core:1.12.0] AndroidManifest.xml:26:22-94
23
24    <application
24-->src/main/AndroidManifest.xml:12:5-39:19
25        android:name="com.nightsound.NightSoundApplication"
25-->src/main/AndroidManifest.xml:13:9-46
26        android:allowBackup="true"
26-->src/main/AndroidManifest.xml:14:9-35
27        android:appComponentFactory="androidx.core.app.CoreComponentFactory"
27-->[androidx.core:core:1.12.0] AndroidManifest.xml:28:18-86
28        android:debuggable="true"
29        android:extractNativeLibs="false"
30        android:icon="@mipmap/ic_launcher"
30-->src/main/AndroidManifest.xml:15:9-43
31        android:label="@string/app_name"
31-->src/main/AndroidManifest.xml:16:9-41
32        android:roundIcon="@mipmap/ic_launcher_round"
32-->src/main/AndroidManifest.xml:17:9-54
33        android:supportsRtl="true"
33-->src/main/AndroidManifest.xml:18:9-35
34        android:theme="@style/Theme.NightSound" >
34-->src/main/AndroidManifest.xml:19:9-48
35
36        <!-- Main Activity -->
37        <activity
37-->src/main/AndroidManifest.xml:22:9-30:20
38            android:name="com.nightsound.MainActivity"
38-->src/main/AndroidManifest.xml:23:13-41
39            android:exported="true"
39-->src/main/AndroidManifest.xml:24:13-36
40            android:theme="@style/Theme.NightSound" >
40-->src/main/AndroidManifest.xml:25:13-52
41            <intent-filter>
41-->src/main/AndroidManifest.xml:26:13-29:29
42                <action android:name="android.intent.action.MAIN" />
42-->src/main/AndroidManifest.xml:27:17-69
42-->src/main/AndroidManifest.xml:27:25-66
43
44                <category android:name="android.intent.category.LAUNCHER" />
44-->src/main/AndroidManifest.xml:28:17-77
44-->src/main/AndroidManifest.xml:28:27-74
45            </intent-filter>
46        </activity>
47
48        <!-- Audio Recording Service -->
49        <service
49-->src/main/AndroidManifest.xml:33:9-37:58
50            android:name="com.nightsound.service.AudioRecordingService"
50-->src/main/AndroidManifest.xml:34:13-58
51            android:enabled="true"
51-->src/main/AndroidManifest.xml:35:13-35
52            android:exported="false"
52-->src/main/AndroidManifest.xml:36:13-37
53            android:foregroundServiceType="microphone" />
53-->src/main/AndroidManifest.xml:37:13-55
54
55        <activity
55-->[androidx.compose.ui:ui-tooling-android:1.5.4] AndroidManifest.xml:23:9-25:39
56            android:name="androidx.compose.ui.tooling.PreviewActivity"
56-->[androidx.compose.ui:ui-tooling-android:1.5.4] AndroidManifest.xml:24:13-71
57            android:exported="true" />
57-->[androidx.compose.ui:ui-tooling-android:1.5.4] AndroidManifest.xml:25:13-36
58        <activity
58-->[androidx.compose.ui:ui-test-manifest:1.5.4] AndroidManifest.xml:23:9-25:39
59            android:name="androidx.activity.ComponentActivity"
59-->[androidx.compose.ui:ui-test-manifest:1.5.4] AndroidManifest.xml:24:13-63
60            android:exported="true" />
60-->[androidx.compose.ui:ui-test-manifest:1.5.4] AndroidManifest.xml:25:13-36
61
62        <provider
62-->[androidx.emoji2:emoji2:1.4.0] AndroidManifest.xml:24:9-32:20
63            android:name="androidx.startup.InitializationProvider"
63-->[androidx.emoji2:emoji2:1.4.0] AndroidManifest.xml:25:13-67
64            android:authorities="com.nightsound.androidx-startup"
64-->[androidx.emoji2:emoji2:1.4.0] AndroidManifest.xml:26:13-68
65            android:exported="false" >
65-->[androidx.emoji2:emoji2:1.4.0] AndroidManifest.xml:27:13-37
66            <meta-data
66-->[androidx.emoji2:emoji2:1.4.0] AndroidManifest.xml:29:13-31:52
67                android:name="androidx.emoji2.text.EmojiCompatInitializer"
67-->[androidx.emoji2:emoji2:1.4.0] AndroidManifest.xml:30:17-75
68                android:value="androidx.startup" />
68-->[androidx.emoji2:emoji2:1.4.0] AndroidManifest.xml:31:17-49
69            <meta-data
69-->[androidx.lifecycle:lifecycle-process:2.6.2] AndroidManifest.xml:29:13-31:52
70                android:name="androidx.lifecycle.ProcessLifecycleInitializer"
70-->[androidx.lifecycle:lifecycle-process:2.6.2] AndroidManifest.xml:30:17-78
71                android:value="androidx.startup" />
71-->[androidx.lifecycle:lifecycle-process:2.6.2] AndroidManifest.xml:31:17-49
72            <meta-data
72-->[androidx.profileinstaller:profileinstaller:1.3.0] AndroidManifest.xml:29:13-31:52
73                android:name="androidx.profileinstaller.ProfileInstallerInitializer"
73-->[androidx.profileinstaller:profileinstaller:1.3.0] AndroidManifest.xml:30:17-85
74                android:value="androidx.startup" />
74-->[androidx.profileinstaller:profileinstaller:1.3.0] AndroidManifest.xml:31:17-49
75        </provider>
76
77        <service
77-->[androidx.room:room-runtime:2.6.1] AndroidManifest.xml:24:9-28:63
78            android:name="androidx.room.MultiInstanceInvalidationService"
78-->[androidx.room:room-runtime:2.6.1] AndroidManifest.xml:25:13-74
79            android:directBootAware="true"
79-->[androidx.room:room-runtime:2.6.1] AndroidManifest.xml:26:13-43
80            android:exported="false" />
80-->[androidx.room:room-runtime:2.6.1] AndroidManifest.xml:27:13-37
81
82        <receiver
82-->[androidx.profileinstaller:profileinstaller:1.3.0] AndroidManifest.xml:34:9-52:20
83            android:name="androidx.profileinstaller.ProfileInstallReceiver"
83-->[androidx.profileinstaller:profileinstaller:1.3.0] AndroidManifest.xml:35:13-76
84            android:directBootAware="false"
84-->[androidx.profileinstaller:profileinstaller:1.3.0] AndroidManifest.xml:36:13-44
85            android:enabled="true"
85-->[androidx.profileinstaller:profileinstaller:1.3.0] AndroidManifest.xml:37:13-35
86            android:exported="true"
86-->[androidx.profileinstaller:profileinstaller:1.3.0] AndroidManifest.xml:38:13-36
87            android:permission="android.permission.DUMP" >
87-->[androidx.profileinstaller:profileinstaller:1.3.0] AndroidManifest.xml:39:13-57
88            <intent-filter>
88-->[androidx.profileinstaller:profileinstaller:1.3.0] AndroidManifest.xml:40:13-42:29
89                <action android:name="androidx.profileinstaller.action.INSTALL_PROFILE" />
89-->[androidx.profileinstaller:profileinstaller:1.3.0] AndroidManifest.xml:41:17-91
89-->[androidx.profileinstaller:profileinstaller:1.3.0] AndroidManifest.xml:41:25-88
90            </intent-filter>
91            <intent-filter>
91-->[androidx.profileinstaller:profileinstaller:1.3.0] AndroidManifest.xml:43:13-45:29
92                <action android:name="androidx.profileinstaller.action.SKIP_FILE" />
92-->[androidx.profileinstaller:profileinstaller:1.3.0] AndroidManifest.xml:44:17-85
92-->[androidx.profileinstaller:profileinstaller:1.3.0] AndroidManifest.xml:44:25-82
93            </intent-filter>
94            <intent-filter>
94-->[androidx.profileinstaller:profileinstaller:1.3.0] AndroidManifest.xml:46:13-48:29
95                <action android:name="androidx.profileinstaller.action.SAVE_PROFILE" />
95-->[androidx.profileinstaller:profileinstaller:1.3.0] AndroidManifest.xml:47:17-88
95-->[androidx.profileinstaller:profileinstaller:1.3.0] AndroidManifest.xml:47:25-85
96            </intent-filter>
97            <intent-filter>
97-->[androidx.profileinstaller:profileinstaller:1.3.0] AndroidManifest.xml:49:13-51:29
98                <action android:name="androidx.profileinstaller.action.BENCHMARK_OPERATION" />
98-->[androidx.profileinstaller:profileinstaller:1.3.0] AndroidManifest.xml:50:17-95
98-->[androidx.profileinstaller:profileinstaller:1.3.0] AndroidManifest.xml:50:25-92
99            </intent-filter>
100        </receiver>
101
102        <meta-data
102-->[com.google.android.gms:play-services-basement:16.0.1] AndroidManifest.xml:23:9-25:69
103            android:name="com.google.android.gms.version"
103-->[com.google.android.gms:play-services-basement:16.0.1] AndroidManifest.xml:24:13-58
104            android:value="@integer/google_play_services_version" />
104-->[com.google.android.gms:play-services-basement:16.0.1] AndroidManifest.xml:25:13-66
105    </application>
106
107</manifest>